<?xml version="1.0" encoding="UTF-8"?>
<!-- Generated by org.testng.reporters.JUnitReportReporter -->
<testsuite hostname="ASDA1538PO01976" name="com.qait.automation.flipkartMobileAutomation.TestCasesInstallation" tests="1" failures="0" timestamp="6 Jul 2018 05:10:19 GMT" time="28.388" errors="0">
  <testcase name="Step_01_installing_APP_using_AppStore" time="28.388" classname="com.qait.automation.flipkartMobileAutomation.TestCasesInstallation"/>
</testsuite> <!-- com.qait.automation.flipkartMobileAutomation.TestCasesInstallation -->
